  SpicyLang.cpp
  spicy.cpp
  spicyast.cpp
  spicyastprinter.cpp
  spicybuiltins.cpp
  spicyenvironment.cpp
D:\source\repos\SpicyLang\SpicyLang\spicylang\spicyenvironment.cpp(68,41): warning C4101: 'e': unreferenced local variable
D:\source\repos\SpicyLang\SpicyLang\spicylang\spicyenvironment.cpp(118,40): warning C4101: 'ex': unreferenced local variable
D:\source\repos\SpicyLang\SpicyLang\spicylang\spicyenvironment.cpp(120,44): warning C4101: 'ex': unreferenced local variable
D:\source\repos\SpicyLang\SpicyLang\spicylang\spicyenvironment.cpp(136,40): warning C4101: 'ex': unreferenced local variable
D:\source\repos\SpicyLang\SpicyLang\spicylang\spicyenvironment.cpp(138,44): warning C4101: 'ex': unreferenced local variable
D:\source\repos\SpicyLang\SpicyLang\spicylang\spicyenvironment.cpp(157,24): warning C4018: '<': signed/unsigned mismatch
  spicyeval.cpp
  spicyinterpreter.cpp
D:\source\repos\SpicyLang\SpicyLang\spicylang\spicyinterpreter.cpp(26,46): warning C4101: 'err': unreferenced local variable
  spicyobjects.cpp
  spicyparser.cpp
D:\source\repos\SpicyLang\SpicyLang\spicylang\spicyparser.cpp(201,30): warning C4101: 'ex': unreferenced local variable
  spicyresolver.cpp
  spicyscanner.cpp
D:\source\repos\SpicyLang\SpicyLang\spicylang\spicyscanner.cpp(39,22): warning C4018: '>=': signed/unsigned mismatch
D:\source\repos\SpicyLang\SpicyLang\spicylang\spicyscanner.cpp(161,23): warning C4018: '>=': signed/unsigned mismatch
  types.cpp
  Generating Code...
  SpicyLang.vcxproj -> D:\source\repos\SpicyLang\Debug\SpicyLang.exe
